<?xml version="1.0" encoding="UTF-8"?>
<!-- Generated by org.testng.reporters.JUnitReportReporter -->
<testsuite hostname="LTIN274102" failures="0" tests="3" name="TestCases.TC002_LanguageAndLevels" time="16.871" errors="0" timestamp="2024-02-27T22:06:35 IST" skipped="0">
  <testcase classname="TestCases.TC002_LanguageAndLevels" name="Languagecount" time="11.165"/>
  <system-out/>
  <testcase classname="TestCases.TC002_LanguageAndLevels" name="ClickOnApply" time="1.922"/>
  <system-out/>
  <testcase classname="TestCases.TC002_LanguageAndLevels" name="Levels" time="3.784"/>
  <system-out/>
</testsuite> <!-- TestCases.TC002_LanguageAndLevels -->
