<?xml version="1.0" encoding="UTF-8"?>
<!-- Generated by org.testng.reporters.JUnitReportReporter -->
<testsuite hostname="LTIN274102" failures="0" tests="4" name="TestCases.TC001_SearchwebDev" time="49.431" errors="0" timestamp="2024-02-27T22:06:35 IST" skipped="0">
  <testcase classname="TestCases.TC001_SearchwebDev" name="search_course" time="23.460"/>
  <system-out/>
  <testcase classname="TestCases.TC001_SearchwebDev" name="SelectLanguageFilter" time="3.221"/>
  <system-out/>
  <testcase classname="TestCases.TC001_SearchwebDev" name="SelectLevelFilter" time="1.949"/>
  <system-out/>
  <testcase classname="TestCases.TC001_SearchwebDev" name="course_list" time="20.801"/>
  <system-out/>
</testsuite> <!-- TestCases.TC001_SearchwebDev -->
