<?xml version="1.0" encoding="UTF-8"?>
<!-- Generated by org.testng.reporters.JUnitReportReporter -->
<testsuite hostname="LTIN274102" failures="0" tests="4" name="TestCases.TC001_SearchwebDev" time="38.196" errors="0" timestamp="2024-02-28T15:35:15 IST" skipped="0">
  <testcase classname="TestCases.TC001_SearchwebDev" name="search_course" time="13.111"/>
  <testcase classname="TestCases.TC001_SearchwebDev" name="SelectLanguageFilter" time="4.107"/>
  <testcase classname="TestCases.TC001_SearchwebDev" name="SelectLevelFilter" time="1.056"/>
  <testcase classname="TestCases.TC001_SearchwebDev" name="course_list" time="19.922"/>
</testsuite> <!-- TestCases.TC001_SearchwebDev -->
