<?xml version="1.0" encoding="UTF-8"?>
<!-- Generated by org.testng.reporters.JUnitReportReporter -->
<testsuite hostname="LTIN274102" failures="0" tests="3" name="TestCases.TC002_LanguageAndLevels" time="15.621" errors="0" timestamp="2024-02-28T15:35:14 IST" skipped="0">
  <testcase classname="TestCases.TC002_LanguageAndLevels" name="Languagecount" time="9.854"/>
  <testcase classname="TestCases.TC002_LanguageAndLevels" name="ClickOnApply" time="2.087"/>
  <testcase classname="TestCases.TC002_LanguageAndLevels" name="Levels" time="3.680"/>
</testsuite> <!-- TestCases.TC002_LanguageAndLevels -->
